# JRE version: Java(TM) SE Runtime Environment (8.0_171-b11) (build 1.8.0_171-b11)
# Java VM: Java HotSpot(TM) 64-Bit Server VM (25.171-b11 mixed mode windows-amd64 compressed oops)
Heap:
 PSYoungGen      total 316416K, used 82990K [0x000000076b400000, 0x0000000797000000, 0x00000007c0000000)
  eden space 255488K, 17% used [0x000000076b400000,0x000000076df6db28,0x000000077ad80000)
  from space 60928K, 63% used [0x000000077ad80000,0x000000077d31e058,0x000000077e900000)
  to   space 102912K, 0% used [0x0000000790b80000,0x0000000790b80000,0x0000000797000000)
 ParOldGen       total 346112K, used 195923K [0x00000006c1c00000, 0x00000006d6e00000, 0x000000076b400000)
  object space 346112K, 56% used [0x00000006c1c00000,0x00000006cdb54e60,0x00000006d6e00000)
 Metaspace       used 12233K, capacity 12406K, committed 12800K, reserved 1060864K
  class space    used 1332K, capacity 1419K, committed 1536K, reserved 1048576K
GC Heap History (10 events):
Event: 4.981 GC heap before
{Heap before GC invocations=4 (full 0):
 PSYoungGen      total 76288K, used 76251K [0x000000076b400000, 0x0000000774900000, 0x00000007c0000000)
  eden space 65536K, 99% used [0x000000076b400000,0x000000076f3f7c30,0x000000076f400000)
  from space 10752K, 99% used [0x000000076f400000,0x000000076fe7f2c0,0x000000076fe80000)
  to   space 10752K, 0% used [0x0000000773e80000,0x0000000773e80000,0x0000000774900000)
 ParOldGen       total 175104K, used 61412K [0x00000006c1c00000, 0x00000006cc700000, 0x000000076b400000)
  object space 175104K, 35% used [0x00000006c1c00000,0x00000006c57f9010,0x00000006cc700000)
 Metaspace       used 11378K, capacity 11568K, committed 11904K, reserved 1060864K
  class space    used 1279K, capacity 1354K, committed 1408K, reserved 1048576K
Event: 4.989 GC heap after
Heap after GC invocations=4 (full 0):
 PSYoungGen      total 141824K, used 10730K [0x000000076b400000, 0x0000000774900000, 0x00000007c0000000)
  eden space 131072K, 0% used [0x000000076b400000,0x000000076b400000,0x0000000773400000)
  from space 10752K, 99% used [0x0000000773e80000,0x00000007748faa18,0x0000000774900000)
  to   space 10752K, 0% used [0x0000000773400000,0x0000000773400000,0x0000000773e80000)
 ParOldGen       total 175104K, used 83269K [0x00000006c1c00000, 0x00000006cc700000, 0x000000076b400000)
  object space 175104K, 47% used [0x00000006c1c00000,0x00000006c6d516b8,0x00000006cc700000)
 Metaspace       used 11378K, capacity 11568K, committed 11904K, reserved 1060864K
  class space    used 1279K, capacity 1354K, committed 1408K, reserved 1048576K
}
Event: 6.665 GC heap before
{Heap before GC invocations=5 (full 0):
 PSYoungGen      total 141824K, used 141802K [0x000000076b400000, 0x0000000774900000, 0x00000007c0000000)
  eden space 131072K, 100% used [0x000000076b400000,0x0000000773400000,0x0000000773400000)
  from space 10752K, 99% used [0x0000000773e80000,0x00000007748faa18,0x0000000774900000)
  to   space 10752K, 0% used [0x0000000773400000,0x0000000773400000,0x0000000773e80000)
 ParOldGen       total 175104K, used 83269K [0x00000006c1c00000, 0x00000006cc700000, 0x000000076b400000)
  object space 175104K, 47% used [0x00000006c1c00000,0x00000006c6d516b8,0x00000006cc700000)
 Metaspace       used 11469K, capacity 11728K, committed 11904K, reserved 1060864K
  class space    used 1282K, capacity 1386K, committed 1408K, reserved 1048576K
Event: 6.678 GC heap after
Heap after GC invocations=5 (full 0):
 PSYoungGen      total 141824K, used 10751K [0x000000076b400000, 0x0000000781e00000, 0x00000007c0000000)
  eden space 131072K, 0% used [0x000000076b400000,0x000000076b400000,0x0000000773400000)
  from space 10752K, 99% used [0x0000000773400000,0x0000000773e7ff38,0x0000000773e80000)
  to   space 54272K, 0% used [0x000000077e900000,0x000000077e900000,0x0000000781e00000)
 ParOldGen       total 175104K, used 127201K [0x00000006c1c00000, 0x00000006cc700000, 0x000000076b400000)
  object space 175104K, 72% used [0x00000006c1c00000,0x00000006c98384a0,0x00000006cc700000)
 Metaspace       used 11469K, capacity 11728K, committed 11904K, reserved 1060864K
  class space    used 1282K, capacity 1386K, committed 1408K, reserved 1048576K
}
Event: 7.921 GC heap before
{Heap before GC invocations=6 (full 0):
 PSYoungGen      total 141824K, used 141823K [0x000000076b400000, 0x0000000781e00000, 0x00000007c0000000)
  eden space 131072K, 100% used [0x000000076b400000,0x0000000773400000,0x0000000773400000)
  from space 10752K, 99% used [0x0000000773400000,0x0000000773e7ff38,0x0000000773e80000)
  to   space 54272K, 0% used [0x000000077e900000,0x000000077e900000,0x0000000781e00000)
 ParOldGen       total 175104K, used 127201K [0x00000006c1c00000, 0x00000006cc700000, 0x000000076b400000)
  object space 175104K, 72% used [0x00000006c1c00000,0x00000006c98384a0,0x00000006cc700000)
 Metaspace       used 11496K, capacity 11728K, committed 11904K, reserved 1060864K
  class space    used 1283K, capacity 1386K, committed 1408K, reserved 1048576K
Event: 7.933 GC heap after
Heap after GC invocations=6 (full 0):
 PSYoungGen      total 309760K, used 53263K [0x000000076b400000, 0x0000000782b00000, 0x00000007c0000000)
  eden space 255488K, 0% used [0x000000076b400000,0x000000076b400000,0x000000077ad80000)
  from space 54272K, 98% used [0x000000077e900000,0x0000000781d03e30,0x0000000781e00000)
  to   space 60928K, 0% used [0x000000077ad80000,0x000000077ad80000,0x000000077e900000)
 ParOldGen       total 175104K, used 127209K [0x00000006c1c00000, 0x00000006cc700000, 0x000000076b400000)
  object space 175104K, 72% used [0x00000006c1c00000,0x00000006c983a4a0,0x00000006cc700000)
 Metaspace       used 11496K, capacity 11728K, committed 11904K, reserved 1060864K
  class space    used 1283K, capacity 1386K, committed 1408K, reserved 1048576K
}
Event: 11.325 GC heap before
{Heap before GC invocations=7 (full 0):
 PSYoungGen      total 309760K, used 308751K [0x000000076b400000, 0x0000000782b00000, 0x00000007c0000000)
  eden space 255488K, 100% used [0x000000076b400000,0x000000077ad80000,0x000000077ad80000)
  from space 54272K, 98% used [0x000000077e900000,0x0000000781d03e30,0x0000000781e00000)
  to   space 60928K, 0% used [0x000000077ad80000,0x000000077ad80000,0x000000077e900000)
 ParOldGen       total 175104K, used 127209K [0x00000006c1c00000, 0x00000006cc700000, 0x000000076b400000)
  object space 175104K, 72% used [0x00000006c1c00000,0x00000006c983a4a0,0x00000006cc700000)
 Metaspace       used 12151K, capacity 12336K, committed 12544K, reserved 1060864K
  class space    used 1323K, capacity 1418K, committed 1536K, reserved 1048576K
Event: 11.355 GC heap after
Heap after GC invocations=7 (full 0):
 PSYoungGen      total 316416K, used 60921K [0x000000076b400000, 0x0000000797000000, 0x00000007c0000000)
  eden space 255488K, 0% used [0x000000076b400000,0x000000076b400000,0x000000077ad80000)
  from space 60928K, 99% used [0x000000077ad80000,0x000000077e8fe7a0,0x000000077e900000)
  to   space 102912K, 0% used [0x0000000790b80000,0x0000000790b80000,0x0000000797000000)
 ParOldGen       total 196096K, used 195204K [0x00000006c1c00000, 0x00000006cdb80000, 0x000000076b400000)
  object space 196096K, 99% used [0x00000006c1c00000,0x00000006cdaa13d0,0x00000006cdb80000)
 Metaspace       used 12151K, capacity 12336K, committed 12544K, reserved 1060864K
  class space    used 1323K, capacity 1418K, committed 1536K, reserved 1048576K
}
Event: 11.355 GC heap before
{Heap before GC invocations=8 (full 1):
 PSYoungGen      total 316416K, used 60921K [0x000000076b400000, 0x0000000797000000, 0x00000007c0000000)
  eden space 255488K, 0% used [0x000000076b400000,0x000000076b400000,0x000000077ad80000)
  from space 60928K, 99% used [0x000000077ad80000,0x000000077e8fe7a0,0x000000077e900000)
  to   space 102912K, 0% used [0x0000000790b80000,0x0000000790b80000,0x0000000797000000)
 ParOldGen       total 196096K, used 195204K [0x00000006c1c00000, 0x00000006cdb80000, 0x000000076b400000)
  object space 196096K, 99% used [0x00000006c1c00000,0x00000006cdaa13d0,0x00000006cdb80000)
 Metaspace       used 12151K, capacity 12336K, committed 12544K, reserved 1060864K
  class space    used 1323K, capacity 1418K, committed 1536K, reserved 1048576K
Event: 11.399 GC heap after
Heap after GC invocations=8 (full 1):
 PSYoungGen      total 316416K, used 38520K [0x000000076b400000, 0x0000000797000000, 0x00000007c0000000)
  eden space 255488K, 0% used [0x000000076b400000,0x000000076b400000,0x000000077ad80000)
  from space 60928K, 63% used [0x000000077ad80000,0x000000077d31e058,0x000000077e900000)
  to   space 102912K, 0% used [0x0000000790b80000,0x0000000790b80000,0x0000000797000000)
 ParOldGen       total 346112K, used 195923K [0x00000006c1c00000, 0x00000006d6e00000, 0x000000076b400000)
  object space 346112K, 56% used [0x00000006c1c00000,0x00000006cdb54e60,0x00000006d6e00000)
 Metaspace       used 12151K, capacity 12336K, committed 12544K, reserved 1060864K
  class space    used 1323K, capacity 1418K, committed 1536K, reserved 1048576K
}

